2026-02-16 14:06:44 | INFO | sentence_transformers.SentenceTransformer | Load pretrained SentenceTransformer: all-MiniLM-L6-v2
2026-02-16 14:06:48 | WARNING | huggingface_hub.file_download | Xet Storage is enabled for this repo, but the 'hf_xet' package is not installed. Falling back to regular HTTP download. For better performance, install the package with: `pip install huggingface_hub[hf_xet]` or `pip install hf_xet`
2026-02-16 14:06:58 | INFO | sentence_transformers.SentenceTransformer | Use pytorch device_name: cpu
2026-02-16 14:13:32 | INFO | sentence_transformers.SentenceTransformer | Load pretrained SentenceTransformer: all-MiniLM-L6-v2
2026-02-16 14:13:35 | INFO | sentence_transformers.SentenceTransformer | Use pytorch device_name: cpu
2026-02-16 14:20:13 | INFO | sentence_transformers.SentenceTransformer | Load pretrained SentenceTransformer: all-MiniLM-L6-v2
2026-02-16 14:20:16 | INFO | sentence_transformers.SentenceTransformer | Use pytorch device_name: cpu
2026-02-16 14:22:23 | INFO | sentence_transformers.SentenceTransformer | Load pretrained SentenceTransformer: all-MiniLM-L6-v2
2026-02-16 14:22:26 | INFO | sentence_transformers.SentenceTransformer | Use pytorch device_name: cpu
2026-02-16 14:26:12 | INFO | sentence_transformers.SentenceTransformer | Load pretrained SentenceTransformer: all-MiniLM-L6-v2
2026-02-16 14:26:14 | INFO | sentence_transformers.SentenceTransformer | Use pytorch device_name: cpu
2026-02-16 14:26:34 | INFO | sentence_transformers.SentenceTransformer | Load pretrained SentenceTransformer: all-MiniLM-L6-v2
2026-02-16 14:26:37 | INFO | sentence_transformers.SentenceTransformer | Use pytorch device_name: cpu
2026-02-16 14:31:00 | INFO | sentence_transformers.SentenceTransformer | Load pretrained SentenceTransformer: all-MiniLM-L6-v2
2026-02-16 14:31:04 | INFO | sentence_transformers.SentenceTransformer | Use pytorch device_name: cpu
2026-02-16 14:31:32 | INFO | sentence_transformers.SentenceTransformer | Load pretrained SentenceTransformer: all-MiniLM-L6-v2
2026-02-16 14:31:34 | INFO | sentence_transformers.SentenceTransformer | Use pytorch device_name: cpu
2026-02-16 14:34:41 | INFO | sentence_transformers.SentenceTransformer | Load pretrained SentenceTransformer: all-MiniLM-L6-v2
2026-02-16 14:34:45 | INFO | sentence_transformers.SentenceTransformer | Use pytorch device_name: cpu
2026-02-16 14:38:40 | INFO | sentence_transformers.SentenceTransformer | Load pretrained SentenceTransformer: all-MiniLM-L6-v2
2026-02-16 14:38:44 | INFO | sentence_transformers.SentenceTransformer | Use pytorch device_name: cpu
2026-02-16 17:48:24 | INFO | sentence_transformers.SentenceTransformer | Load pretrained SentenceTransformer: all-MiniLM-L6-v2
2026-02-16 17:48:34 | INFO | sentence_transformers.SentenceTransformer | Use pytorch device_name: cpu
2026-02-16 17:48:35 | INFO | httpx | HTTP Request: POST http://localhost:11434/api/generate "HTTP/1.1 404 Not Found"
2026-02-16 17:53:03 | INFO | sentence_transformers.SentenceTransformer | Load pretrained SentenceTransformer: all-MiniLM-L6-v2
2026-02-16 17:53:09 | INFO | sentence_transformers.SentenceTransformer | Use pytorch device_name: cpu
2026-02-16 17:53:10 | INFO | httpx | HTTP Request: POST http://localhost:11434/api/generate "HTTP/1.1 404 Not Found"
2026-02-16 18:12:32 | INFO | sentence_transformers.SentenceTransformer | Load pretrained SentenceTransformer: all-MiniLM-L6-v2
2026-02-16 18:12:46 | INFO | sentence_transformers.SentenceTransformer | Use pytorch device_name: cpu
2026-02-16 18:12:47 | INFO | httpx | HTTP Request: POST http://localhost:11434/api/generate "HTTP/1.1 500 Internal Server Error"
2026-02-16 18:16:43 | INFO | sentence_transformers.SentenceTransformer | Load pretrained SentenceTransformer: all-MiniLM-L6-v2
2026-02-16 18:16:49 | INFO | sentence_transformers.SentenceTransformer | Use pytorch device_name: cpu
2026-02-16 18:17:43 | INFO | httpx | HTTP Request: POST http://localhost:11434/api/generate "HTTP/1.1 200 OK"
2026-02-16 18:18:24 | INFO | sentence_transformers.SentenceTransformer | Load pretrained SentenceTransformer: all-MiniLM-L6-v2
2026-02-16 18:18:28 | INFO | sentence_transformers.SentenceTransformer | Use pytorch device_name: cpu
2026-02-16 18:18:33 | INFO | httpx | HTTP Request: POST http://localhost:11434/api/generate "HTTP/1.1 200 OK"
2026-02-16 18:21:20 | INFO | sentence_transformers.SentenceTransformer | Load pretrained SentenceTransformer: all-MiniLM-L6-v2
2026-02-16 18:21:23 | INFO | sentence_transformers.SentenceTransformer | Use pytorch device_name: cpu
2026-02-16 18:21:37 | INFO | httpx | HTTP Request: POST http://localhost:11434/api/generate "HTTP/1.1 200 OK"
2026-02-16 18:25:28 | INFO | sentence_transformers.SentenceTransformer | Load pretrained SentenceTransformer: all-MiniLM-L6-v2
2026-02-16 18:25:33 | INFO | sentence_transformers.SentenceTransformer | Use pytorch device_name: cpu
2026-02-16 18:25:58 | INFO | httpx | HTTP Request: POST http://localhost:11434/api/generate "HTTP/1.1 200 OK"
2026-02-16 18:26:36 | INFO | sentence_transformers.SentenceTransformer | Load pretrained SentenceTransformer: all-MiniLM-L6-v2
2026-02-16 18:26:40 | INFO | sentence_transformers.SentenceTransformer | Use pytorch device_name: cpu
2026-02-16 18:26:44 | INFO | httpx | HTTP Request: POST http://localhost:11434/api/generate "HTTP/1.1 200 OK"
2026-02-16 18:29:50 | INFO | sentence_transformers.SentenceTransformer | Load pretrained SentenceTransformer: all-MiniLM-L6-v2
2026-02-16 18:29:54 | INFO | sentence_transformers.SentenceTransformer | Use pytorch device_name: cpu
2026-02-16 18:30:14 | INFO | httpx | HTTP Request: POST http://localhost:11434/api/generate "HTTP/1.1 200 OK"
2026-02-16 18:32:33 | INFO | sentence_transformers.SentenceTransformer | Load pretrained SentenceTransformer: all-MiniLM-L6-v2
2026-02-16 18:32:39 | INFO | sentence_transformers.SentenceTransformer | Use pytorch device_name: cpu
2026-02-16 18:33:46 | INFO | httpx | HTTP Request: POST http://localhost:11434/api/generate "HTTP/1.1 200 OK"
2026-02-17 19:54:39 | INFO | sentence_transformers.SentenceTransformer | Load pretrained SentenceTransformer: all-MiniLM-L6-v2
2026-02-17 19:54:48 | INFO | sentence_transformers.SentenceTransformer | Use pytorch device_name: cpu
2026-02-17 19:59:15 | INFO | sentence_transformers.SentenceTransformer | Load pretrained SentenceTransformer: all-MiniLM-L6-v2
2026-02-17 19:59:24 | INFO | sentence_transformers.SentenceTransformer | Use pytorch device_name: cpu
2026-02-17 20:00:29 | INFO | httpx | HTTP Request: POST http://localhost:11434/api/generate "HTTP/1.1 200 OK"
2026-02-18 17:18:32 | INFO | sentence_transformers.SentenceTransformer | Load pretrained SentenceTransformer: all-MiniLM-L6-v2
2026-02-18 17:18:37 | INFO | sentence_transformers.SentenceTransformer | Use pytorch device_name: cpu
2026-02-18 17:20:03 | INFO | httpx | HTTP Request: POST http://localhost:11434/api/generate "HTTP/1.1 200 OK"
2026-02-18 17:21:55 | INFO | sentence_transformers.SentenceTransformer | Load pretrained SentenceTransformer: all-MiniLM-L6-v2
2026-02-18 17:21:58 | INFO | sentence_transformers.SentenceTransformer | Use pytorch device_name: cpu
2026-02-18 17:23:05 | INFO | httpx | HTTP Request: POST http://localhost:11434/api/generate "HTTP/1.1 200 OK"
2026-02-19 21:02:26 | INFO | sentence_transformers.SentenceTransformer | Load pretrained SentenceTransformer: all-MiniLM-L6-v2
2026-02-19 21:02:40 | INFO | sentence_transformers.SentenceTransformer | Use pytorch device_name: cpu
2026-02-19 21:03:58 | INFO | httpx | HTTP Request: POST http://localhost:11434/api/generate "HTTP/1.1 200 OK"
2026-02-19 21:06:24 | INFO | sentence_transformers.SentenceTransformer | Load pretrained SentenceTransformer: all-MiniLM-L6-v2
2026-02-19 21:06:29 | INFO | sentence_transformers.SentenceTransformer | Use pytorch device_name: cpu
2026-02-19 21:07:44 | INFO | httpx | HTTP Request: POST http://localhost:11434/api/generate "HTTP/1.1 200 OK"
2026-02-20 11:49:50 | INFO | sentence_transformers.SentenceTransformer | Load pretrained SentenceTransformer: all-MiniLM-L6-v2
2026-02-20 11:49:50 | WARNING | huggingface_hub.utils._http | '(MaxRetryError('HTTPSConnectionPool(host=\'huggingface.co\', port=443): Max retries exceeded with url: /sentence-transformers/all-MiniLM-L6-v2/resolve/main/modules.json (Caused by NameResolutionError("HTTPSConnection(host=\'huggingface.co\', port=443): Failed to resolve \'huggingface.co\' ([Errno 11001] getaddrinfo failed)"))'), '(Request ID: 916405ae-fa0d-4b7d-aa92-b3f7e30f471e)')' thrown while requesting HEAD https://huggingface.co/sentence-transformers/all-MiniLM-L6-v2/resolve/main/modules.json
2026-02-20 11:49:50 | WARNING | huggingface_hub.utils._http | Retrying in 1s [Retry 1/5].
2026-02-20 11:49:51 | WARNING | huggingface_hub.utils._http | '(MaxRetryError('HTTPSConnectionPool(host=\'huggingface.co\', port=443): Max retries exceeded with url: /sentence-transformers/all-MiniLM-L6-v2/resolve/main/modules.json (Caused by NameResolutionError("HTTPSConnection(host=\'huggingface.co\', port=443): Failed to resolve \'huggingface.co\' ([Errno 11001] getaddrinfo failed)"))'), '(Request ID: 3a801aba-4770-44aa-9031-32611eef4d70)')' thrown while requesting HEAD https://huggingface.co/sentence-transformers/all-MiniLM-L6-v2/resolve/main/modules.json
2026-02-20 11:49:51 | WARNING | huggingface_hub.utils._http | Retrying in 2s [Retry 2/5].
2026-02-20 11:49:53 | WARNING | huggingface_hub.utils._http | '(MaxRetryError('HTTPSConnectionPool(host=\'huggingface.co\', port=443): Max retries exceeded with url: /sentence-transformers/all-MiniLM-L6-v2/resolve/main/modules.json (Caused by NameResolutionError("HTTPSConnection(host=\'huggingface.co\', port=443): Failed to resolve \'huggingface.co\' ([Errno 11001] getaddrinfo failed)"))'), '(Request ID: 7b92d8c3-7410-449d-bbc6-cad859bd004b)')' thrown while requesting HEAD https://huggingface.co/sentence-transformers/all-MiniLM-L6-v2/resolve/main/modules.json
2026-02-20 11:49:53 | WARNING | huggingface_hub.utils._http | Retrying in 4s [Retry 3/5].
2026-02-20 11:49:57 | WARNING | huggingface_hub.utils._http | '(MaxRetryError('HTTPSConnectionPool(host=\'huggingface.co\', port=443): Max retries exceeded with url: /sentence-transformers/all-MiniLM-L6-v2/resolve/main/modules.json (Caused by NameResolutionError("HTTPSConnection(host=\'huggingface.co\', port=443): Failed to resolve \'huggingface.co\' ([Errno 11001] getaddrinfo failed)"))'), '(Request ID: 68712eba-4a9b-4037-ac47-7767ba83932b)')' thrown while requesting HEAD https://huggingface.co/sentence-transformers/all-MiniLM-L6-v2/resolve/main/modules.json
2026-02-20 11:49:57 | WARNING | huggingface_hub.utils._http | Retrying in 8s [Retry 4/5].
2026-02-20 11:50:05 | WARNING | huggingface_hub.utils._http | '(MaxRetryError('HTTPSConnectionPool(host=\'huggingface.co\', port=443): Max retries exceeded with url: /sentence-transformers/all-MiniLM-L6-v2/resolve/main/modules.json (Caused by NameResolutionError("HTTPSConnection(host=\'huggingface.co\', port=443): Failed to resolve \'huggingface.co\' ([Errno 11001] getaddrinfo failed)"))'), '(Request ID: 29c07ad0-afd8-4f57-b477-49022e1ca62d)')' thrown while requesting HEAD https://huggingface.co/sentence-transformers/all-MiniLM-L6-v2/resolve/main/modules.json
2026-02-20 11:50:05 | WARNING | huggingface_hub.utils._http | Retrying in 8s [Retry 5/5].
2026-02-20 11:50:13 | WARNING | huggingface_hub.utils._http | '(MaxRetryError('HTTPSConnectionPool(host=\'huggingface.co\', port=443): Max retries exceeded with url: /sentence-transformers/all-MiniLM-L6-v2/resolve/main/modules.json (Caused by NameResolutionError("HTTPSConnection(host=\'huggingface.co\', port=443): Failed to resolve \'huggingface.co\' ([Errno 11001] getaddrinfo failed)"))'), '(Request ID: 5a0297da-0974-4161-a2f0-4cdd6bf31994)')' thrown while requesting HEAD https://huggingface.co/sentence-transformers/all-MiniLM-L6-v2/resolve/main/modules.json
2026-02-20 11:50:13 | WARNING | huggingface_hub.utils._http | '(MaxRetryError('HTTPSConnectionPool(host=\'huggingface.co\', port=443): Max retries exceeded with url: /sentence-transformers/all-MiniLM-L6-v2/resolve/main/config_sentence_transformers.json (Caused by NameResolutionError("HTTPSConnection(host=\'huggingface.co\', port=443): Failed to resolve \'huggingface.co\' ([Errno 11001] getaddrinfo failed)"))'), '(Request ID: 7fa4b42c-5045-4501-a693-f36db1d4628b)')' thrown while requesting HEAD https://huggingface.co/sentence-transformers/all-MiniLM-L6-v2/resolve/main/config_sentence_transformers.json
2026-02-20 11:50:13 | WARNING | huggingface_hub.utils._http | Retrying in 1s [Retry 1/5].
2026-02-20 11:50:14 | WARNING | huggingface_hub.utils._http | '(MaxRetryError('HTTPSConnectionPool(host=\'huggingface.co\', port=443): Max retries exceeded with url: /sentence-transformers/all-MiniLM-L6-v2/resolve/main/config_sentence_transformers.json (Caused by NameResolutionError("HTTPSConnection(host=\'huggingface.co\', port=443): Failed to resolve \'huggingface.co\' ([Errno 11001] getaddrinfo failed)"))'), '(Request ID: fc97eba9-84aa-4c75-82ae-d978cd12c04e)')' thrown while requesting HEAD https://huggingface.co/sentence-transformers/all-MiniLM-L6-v2/resolve/main/config_sentence_transformers.json
2026-02-20 11:50:14 | WARNING | huggingface_hub.utils._http | Retrying in 2s [Retry 2/5].
2026-02-20 11:50:16 | WARNING | huggingface_hub.utils._http | '(MaxRetryError('HTTPSConnectionPool(host=\'huggingface.co\', port=443): Max retries exceeded with url: /sentence-transformers/all-MiniLM-L6-v2/resolve/main/config_sentence_transformers.json (Caused by NameResolutionError("HTTPSConnection(host=\'huggingface.co\', port=443): Failed to resolve \'huggingface.co\' ([Errno 11001] getaddrinfo failed)"))'), '(Request ID: b88da218-4c4e-4475-8ece-3d1b7a18d824)')' thrown while requesting HEAD https://huggingface.co/sentence-transformers/all-MiniLM-L6-v2/resolve/main/config_sentence_transformers.json
2026-02-20 11:50:16 | WARNING | huggingface_hub.utils._http | Retrying in 4s [Retry 3/5].
2026-02-20 11:50:20 | WARNING | huggingface_hub.utils._http | '(MaxRetryError('HTTPSConnectionPool(host=\'huggingface.co\', port=443): Max retries exceeded with url: /sentence-transformers/all-MiniLM-L6-v2/resolve/main/config_sentence_transformers.json (Caused by NameResolutionError("HTTPSConnection(host=\'huggingface.co\', port=443): Failed to resolve \'huggingface.co\' ([Errno 11001] getaddrinfo failed)"))'), '(Request ID: d3ac9a29-f015-4b25-9ca3-2bca4f79cebc)')' thrown while requesting HEAD https://huggingface.co/sentence-transformers/all-MiniLM-L6-v2/resolve/main/config_sentence_transformers.json
2026-02-20 11:50:20 | WARNING | huggingface_hub.utils._http | Retrying in 8s [Retry 4/5].
2026-02-20 11:50:28 | WARNING | huggingface_hub.utils._http | '(MaxRetryError('HTTPSConnectionPool(host=\'huggingface.co\', port=443): Max retries exceeded with url: /sentence-transformers/all-MiniLM-L6-v2/resolve/main/config_sentence_transformers.json (Caused by NameResolutionError("HTTPSConnection(host=\'huggingface.co\', port=443): Failed to resolve \'huggingface.co\' ([Errno 11001] getaddrinfo failed)"))'), '(Request ID: 5380b41d-b227-4195-baeb-53357d279eee)')' thrown while requesting HEAD https://huggingface.co/sentence-transformers/all-MiniLM-L6-v2/resolve/main/config_sentence_transformers.json
2026-02-20 11:50:28 | WARNING | huggingface_hub.utils._http | Retrying in 8s [Retry 5/5].
2026-02-20 11:50:36 | WARNING | huggingface_hub.utils._http | '(MaxRetryError('HTTPSConnectionPool(host=\'huggingface.co\', port=443): Max retries exceeded with url: /sentence-transformers/all-MiniLM-L6-v2/resolve/main/config_sentence_transformers.json (Caused by NameResolutionError("HTTPSConnection(host=\'huggingface.co\', port=443): Failed to resolve \'huggingface.co\' ([Errno 11001] getaddrinfo failed)"))'), '(Request ID: 661ff26d-7199-4d0c-8e70-49b9842b9a24)')' thrown while requesting HEAD https://huggingface.co/sentence-transformers/all-MiniLM-L6-v2/resolve/main/config_sentence_transformers.json
2026-02-20 11:50:36 | WARNING | huggingface_hub.utils._http | '(MaxRetryError('HTTPSConnectionPool(host=\'huggingface.co\', port=443): Max retries exceeded with url: /sentence-transformers/all-MiniLM-L6-v2/resolve/main/README.md (Caused by NameResolutionError("HTTPSConnection(host=\'huggingface.co\', port=443): Failed to resolve \'huggingface.co\' ([Errno 11001] getaddrinfo failed)"))'), '(Request ID: 69fa968a-f611-4a28-9e60-c0e0ea365f5d)')' thrown while requesting HEAD https://huggingface.co/sentence-transformers/all-MiniLM-L6-v2/resolve/main/README.md
2026-02-20 11:50:36 | WARNING | huggingface_hub.utils._http | Retrying in 1s [Retry 1/5].
2026-02-20 11:50:37 | WARNING | huggingface_hub.utils._http | '(MaxRetryError('HTTPSConnectionPool(host=\'huggingface.co\', port=443): Max retries exceeded with url: /sentence-transformers/all-MiniLM-L6-v2/resolve/main/README.md (Caused by NameResolutionError("HTTPSConnection(host=\'huggingface.co\', port=443): Failed to resolve \'huggingface.co\' ([Errno 11001] getaddrinfo failed)"))'), '(Request ID: df2a1a68-37fd-4e9b-b0b1-47c9b317e58b)')' thrown while requesting HEAD https://huggingface.co/sentence-transformers/all-MiniLM-L6-v2/resolve/main/README.md
2026-02-20 11:50:37 | WARNING | huggingface_hub.utils._http | Retrying in 2s [Retry 2/5].
2026-02-20 11:50:39 | WARNING | huggingface_hub.utils._http | '(MaxRetryError('HTTPSConnectionPool(host=\'huggingface.co\', port=443): Max retries exceeded with url: /sentence-transformers/all-MiniLM-L6-v2/resolve/main/README.md (Caused by NameResolutionError("HTTPSConnection(host=\'huggingface.co\', port=443): Failed to resolve \'huggingface.co\' ([Errno 11001] getaddrinfo failed)"))'), '(Request ID: 5dc6fbe1-01f5-4b99-9c72-5602070d0092)')' thrown while requesting HEAD https://huggingface.co/sentence-transformers/all-MiniLM-L6-v2/resolve/main/README.md
2026-02-20 11:50:39 | WARNING | huggingface_hub.utils._http | Retrying in 4s [Retry 3/5].
2026-02-20 11:50:43 | WARNING | huggingface_hub.utils._http | '(MaxRetryError('HTTPSConnectionPool(host=\'huggingface.co\', port=443): Max retries exceeded with url: /sentence-transformers/all-MiniLM-L6-v2/resolve/main/README.md (Caused by NameResolutionError("HTTPSConnection(host=\'huggingface.co\', port=443): Failed to resolve \'huggingface.co\' ([Errno 11001] getaddrinfo failed)"))'), '(Request ID: 5cb3fbc8-7db7-4f41-b32c-3d4611d89643)')' thrown while requesting HEAD https://huggingface.co/sentence-transformers/all-MiniLM-L6-v2/resolve/main/README.md
2026-02-20 11:50:43 | WARNING | huggingface_hub.utils._http | Retrying in 8s [Retry 4/5].
2026-02-20 11:50:51 | WARNING | huggingface_hub.utils._http | '(MaxRetryError('HTTPSConnectionPool(host=\'huggingface.co\', port=443): Max retries exceeded with url: /sentence-transformers/all-MiniLM-L6-v2/resolve/main/README.md (Caused by NameResolutionError("HTTPSConnection(host=\'huggingface.co\', port=443): Failed to resolve \'huggingface.co\' ([Errno 11001] getaddrinfo failed)"))'), '(Request ID: f578b79b-104d-4610-b0db-0bfe219830c5)')' thrown while requesting HEAD https://huggingface.co/sentence-transformers/all-MiniLM-L6-v2/resolve/main/README.md
2026-02-20 11:50:51 | WARNING | huggingface_hub.utils._http | Retrying in 8s [Retry 5/5].
2026-02-20 11:50:59 | WARNING | huggingface_hub.utils._http | '(MaxRetryError('HTTPSConnectionPool(host=\'huggingface.co\', port=443): Max retries exceeded with url: /sentence-transformers/all-MiniLM-L6-v2/resolve/main/README.md (Caused by NameResolutionError("HTTPSConnection(host=\'huggingface.co\', port=443): Failed to resolve \'huggingface.co\' ([Errno 11001] getaddrinfo failed)"))'), '(Request ID: 59195f45-a548-47ce-b188-61da4e09b41d)')' thrown while requesting HEAD https://huggingface.co/sentence-transformers/all-MiniLM-L6-v2/resolve/main/README.md
2026-02-20 11:50:59 | WARNING | huggingface_hub.utils._http | '(MaxRetryError('HTTPSConnectionPool(host=\'huggingface.co\', port=443): Max retries exceeded with url: /sentence-transformers/all-MiniLM-L6-v2/resolve/main/modules.json (Caused by NameResolutionError("HTTPSConnection(host=\'huggingface.co\', port=443): Failed to resolve \'huggingface.co\' ([Errno 11001] getaddrinfo failed)"))'), '(Request ID: 5f87cf85-4755-467c-a4a4-9b870e83df14)')' thrown while requesting HEAD https://huggingface.co/sentence-transformers/all-MiniLM-L6-v2/resolve/main/modules.json
2026-02-20 11:50:59 | WARNING | huggingface_hub.utils._http | Retrying in 1s [Retry 1/5].
2026-02-20 11:51:00 | WARNING | huggingface_hub.utils._http | '(MaxRetryError('HTTPSConnectionPool(host=\'huggingface.co\', port=443): Max retries exceeded with url: /sentence-transformers/all-MiniLM-L6-v2/resolve/main/modules.json (Caused by NameResolutionError("HTTPSConnection(host=\'huggingface.co\', port=443): Failed to resolve \'huggingface.co\' ([Errno 11001] getaddrinfo failed)"))'), '(Request ID: 4c6fecfd-1505-444c-9970-6d761d3b5c26)')' thrown while requesting HEAD https://huggingface.co/sentence-transformers/all-MiniLM-L6-v2/resolve/main/modules.json
2026-02-20 11:51:00 | WARNING | huggingface_hub.utils._http | Retrying in 2s [Retry 2/5].
2026-02-20 11:51:02 | WARNING | huggingface_hub.utils._http | '(MaxRetryError('HTTPSConnectionPool(host=\'huggingface.co\', port=443): Max retries exceeded with url: /sentence-transformers/all-MiniLM-L6-v2/resolve/main/modules.json (Caused by NameResolutionError("HTTPSConnection(host=\'huggingface.co\', port=443): Failed to resolve \'huggingface.co\' ([Errno 11001] getaddrinfo failed)"))'), '(Request ID: 725a2241-257c-4cdb-a24f-24f02850f2a6)')' thrown while requesting HEAD https://huggingface.co/sentence-transformers/all-MiniLM-L6-v2/resolve/main/modules.json
2026-02-20 11:51:02 | WARNING | huggingface_hub.utils._http | Retrying in 4s [Retry 3/5].
2026-02-20 11:51:06 | WARNING | huggingface_hub.utils._http | '(MaxRetryError('HTTPSConnectionPool(host=\'huggingface.co\', port=443): Max retries exceeded with url: /sentence-transformers/all-MiniLM-L6-v2/resolve/main/modules.json (Caused by NameResolutionError("HTTPSConnection(host=\'huggingface.co\', port=443): Failed to resolve \'huggingface.co\' ([Errno 11001] getaddrinfo failed)"))'), '(Request ID: 3192e061-15f8-47ba-aa42-a05d230150ff)')' thrown while requesting HEAD https://huggingface.co/sentence-transformers/all-MiniLM-L6-v2/resolve/main/modules.json
2026-02-20 11:51:06 | WARNING | huggingface_hub.utils._http | Retrying in 8s [Retry 4/5].
2026-02-20 11:51:14 | WARNING | huggingface_hub.utils._http | '(MaxRetryError('HTTPSConnectionPool(host=\'huggingface.co\', port=443): Max retries exceeded with url: /sentence-transformers/all-MiniLM-L6-v2/resolve/main/modules.json (Caused by NameResolutionError("HTTPSConnection(host=\'huggingface.co\', port=443): Failed to resolve \'huggingface.co\' ([Errno 11001] getaddrinfo failed)"))'), '(Request ID: 8e003fe1-782c-4367-959f-890fc7a98399)')' thrown while requesting HEAD https://huggingface.co/sentence-transformers/all-MiniLM-L6-v2/resolve/main/modules.json
2026-02-20 11:51:14 | WARNING | huggingface_hub.utils._http | Retrying in 8s [Retry 5/5].
2026-02-20 11:51:22 | WARNING | huggingface_hub.utils._http | '(MaxRetryError('HTTPSConnectionPool(host=\'huggingface.co\', port=443): Max retries exceeded with url: /sentence-transformers/all-MiniLM-L6-v2/resolve/main/modules.json (Caused by NameResolutionError("HTTPSConnection(host=\'huggingface.co\', port=443): Failed to resolve \'huggingface.co\' ([Errno 11001] getaddrinfo failed)"))'), '(Request ID: 99acd886-836e-446f-af46-9f155aa43fcf)')' thrown while requesting HEAD https://huggingface.co/sentence-transformers/all-MiniLM-L6-v2/resolve/main/modules.json
2026-02-20 11:51:22 | WARNING | huggingface_hub.utils._http | '(MaxRetryError('HTTPSConnectionPool(host=\'huggingface.co\', port=443): Max retries exceeded with url: /sentence-transformers/all-MiniLM-L6-v2/resolve/main/sentence_bert_config.json (Caused by NameResolutionError("HTTPSConnection(host=\'huggingface.co\', port=443): Failed to resolve \'huggingface.co\' ([Errno 11001] getaddrinfo failed)"))'), '(Request ID: 9287562a-901d-45f2-9d21-41c112d30c87)')' thrown while requesting HEAD https://huggingface.co/sentence-transformers/all-MiniLM-L6-v2/resolve/main/sentence_bert_config.json
2026-02-20 11:51:22 | WARNING | huggingface_hub.utils._http | Retrying in 1s [Retry 1/5].
2026-02-20 11:51:23 | WARNING | huggingface_hub.utils._http | '(MaxRetryError('HTTPSConnectionPool(host=\'huggingface.co\', port=443): Max retries exceeded with url: /sentence-transformers/all-MiniLM-L6-v2/resolve/main/sentence_bert_config.json (Caused by NameResolutionError("HTTPSConnection(host=\'huggingface.co\', port=443): Failed to resolve \'huggingface.co\' ([Errno 11001] getaddrinfo failed)"))'), '(Request ID: 4cbe8eef-cc1d-45fc-9b9b-80128dd758b5)')' thrown while requesting HEAD https://huggingface.co/sentence-transformers/all-MiniLM-L6-v2/resolve/main/sentence_bert_config.json
2026-02-20 11:51:23 | WARNING | huggingface_hub.utils._http | Retrying in 2s [Retry 2/5].
2026-02-20 11:51:25 | WARNING | huggingface_hub.utils._http | '(MaxRetryError('HTTPSConnectionPool(host=\'huggingface.co\', port=443): Max retries exceeded with url: /sentence-transformers/all-MiniLM-L6-v2/resolve/main/sentence_bert_config.json (Caused by NameResolutionError("HTTPSConnection(host=\'huggingface.co\', port=443): Failed to resolve \'huggingface.co\' ([Errno 11001] getaddrinfo failed)"))'), '(Request ID: 6b9a58ca-9859-451a-b403-9b6f4e1642b1)')' thrown while requesting HEAD https://huggingface.co/sentence-transformers/all-MiniLM-L6-v2/resolve/main/sentence_bert_config.json
2026-02-20 11:51:25 | WARNING | huggingface_hub.utils._http | Retrying in 4s [Retry 3/5].
2026-02-20 11:51:29 | WARNING | huggingface_hub.utils._http | '(MaxRetryError('HTTPSConnectionPool(host=\'huggingface.co\', port=443): Max retries exceeded with url: /sentence-transformers/all-MiniLM-L6-v2/resolve/main/sentence_bert_config.json (Caused by NameResolutionError("HTTPSConnection(host=\'huggingface.co\', port=443): Failed to resolve \'huggingface.co\' ([Errno 11001] getaddrinfo failed)"))'), '(Request ID: 943d9165-f27e-4610-bf6b-b8439861e65b)')' thrown while requesting HEAD https://huggingface.co/sentence-transformers/all-MiniLM-L6-v2/resolve/main/sentence_bert_config.json
2026-02-20 11:51:29 | WARNING | huggingface_hub.utils._http | Retrying in 8s [Retry 4/5].
2026-02-20 11:51:37 | WARNING | huggingface_hub.utils._http | '(MaxRetryError('HTTPSConnectionPool(host=\'huggingface.co\', port=443): Max retries exceeded with url: /sentence-transformers/all-MiniLM-L6-v2/resolve/main/sentence_bert_config.json (Caused by NameResolutionError("HTTPSConnection(host=\'huggingface.co\', port=443): Failed to resolve \'huggingface.co\' ([Errno 11001] getaddrinfo failed)"))'), '(Request ID: 0d8b6ae8-3dc8-4bd6-821e-69be96c453af)')' thrown while requesting HEAD https://huggingface.co/sentence-transformers/all-MiniLM-L6-v2/resolve/main/sentence_bert_config.json
2026-02-20 11:51:37 | WARNING | huggingface_hub.utils._http | Retrying in 8s [Retry 5/5].
2026-02-20 11:51:45 | WARNING | huggingface_hub.utils._http | '(MaxRetryError('HTTPSConnectionPool(host=\'huggingface.co\', port=443): Max retries exceeded with url: /sentence-transformers/all-MiniLM-L6-v2/resolve/main/sentence_bert_config.json (Caused by NameResolutionError("HTTPSConnection(host=\'huggingface.co\', port=443): Failed to resolve \'huggingface.co\' ([Errno 11001] getaddrinfo failed)"))'), '(Request ID: 20e3eb8f-99d2-4655-97f5-0c4c9f3ce543)')' thrown while requesting HEAD https://huggingface.co/sentence-transformers/all-MiniLM-L6-v2/resolve/main/sentence_bert_config.json
2026-02-20 11:51:45 | WARNING | huggingface_hub.utils._http | '(MaxRetryError('HTTPSConnectionPool(host=\'huggingface.co\', port=443): Max retries exceeded with url: /sentence-transformers/all-MiniLM-L6-v2/resolve/main/config.json (Caused by NameResolutionError("HTTPSConnection(host=\'huggingface.co\', port=443): Failed to resolve \'huggingface.co\' ([Errno 11001] getaddrinfo failed)"))'), '(Request ID: a25dbef6-f5c6-413b-84e0-423c739a2192)')' thrown while requesting HEAD https://huggingface.co/sentence-transformers/all-MiniLM-L6-v2/resolve/main/config.json
2026-02-20 11:51:45 | WARNING | huggingface_hub.utils._http | Retrying in 1s [Retry 1/5].
2026-02-20 11:51:46 | WARNING | huggingface_hub.utils._http | '(MaxRetryError('HTTPSConnectionPool(host=\'huggingface.co\', port=443): Max retries exceeded with url: /sentence-transformers/all-MiniLM-L6-v2/resolve/main/config.json (Caused by NameResolutionError("HTTPSConnection(host=\'huggingface.co\', port=443): Failed to resolve \'huggingface.co\' ([Errno 11001] getaddrinfo failed)"))'), '(Request ID: 7a61286d-6627-4a1d-a3f8-56663ef70e31)')' thrown while requesting HEAD https://huggingface.co/sentence-transformers/all-MiniLM-L6-v2/resolve/main/config.json
2026-02-20 11:51:46 | WARNING | huggingface_hub.utils._http | Retrying in 2s [Retry 2/5].
2026-02-20 11:51:48 | WARNING | huggingface_hub.utils._http | '(MaxRetryError('HTTPSConnectionPool(host=\'huggingface.co\', port=443): Max retries exceeded with url: /sentence-transformers/all-MiniLM-L6-v2/resolve/main/config.json (Caused by NameResolutionError("HTTPSConnection(host=\'huggingface.co\', port=443): Failed to resolve \'huggingface.co\' ([Errno 11001] getaddrinfo failed)"))'), '(Request ID: 4a77baa3-1f06-4982-b44e-0421aa6fa3c7)')' thrown while requesting HEAD https://huggingface.co/sentence-transformers/all-MiniLM-L6-v2/resolve/main/config.json
2026-02-20 11:51:48 | WARNING | huggingface_hub.utils._http | Retrying in 4s [Retry 3/5].
2026-02-20 11:51:52 | WARNING | huggingface_hub.utils._http | '(MaxRetryError('HTTPSConnectionPool(host=\'huggingface.co\', port=443): Max retries exceeded with url: /sentence-transformers/all-MiniLM-L6-v2/resolve/main/config.json (Caused by NameResolutionError("HTTPSConnection(host=\'huggingface.co\', port=443): Failed to resolve \'huggingface.co\' ([Errno 11001] getaddrinfo failed)"))'), '(Request ID: 2b3482f0-1da2-46fe-8759-e21b7f8f41a5)')' thrown while requesting HEAD https://huggingface.co/sentence-transformers/all-MiniLM-L6-v2/resolve/main/config.json
2026-02-20 11:51:52 | WARNING | huggingface_hub.utils._http | Retrying in 8s [Retry 4/5].
